<?xml version="1.0" encoding="UTF-8"?>
<!-- Generated by org.testng.reporters.JUnitReportReporter -->
<testsuite hostname="Chaitra-PC" failures="0" tests="1" name="script.TestDemo" time="39.869" errors="0" timestamp="26 Sep 2018 06:45:54 GMT" skipped="0">
  <testcase classname="script.TestDemo" name="testA" time="39.869"/>
</testsuite> <!-- script.TestDemo -->
